<?xml version="1.0" encoding="UTF-8" ?>
<testsuite tests="5" failures="0" name="cucumberOptions.TestRunner" time="7.528" errors="1" skipped="0">
  <properties>
[...]
</properties>
  <testcase classname="Account Call Creation" name="Verify that Sales Rep is able to record calls #1" time="0.303"/>
  <testcase classname="Account Call Creation" name="Verify that Sales Rep is able to record calls #2" time="0.023"/>
  <testcase classname="Validating Place APIs" name="Verify if place is being successfully added using AddPlaceAPI" time="5.297"/>
  <testcase classname="Validating Place APIs" name="Verify Deleta place functionality is working" time="1.869"/>
  <testcase classname="Validating Place APIs" name="Test tag for Hooks" time="0.036">
    <error message="The step &quot;Test API Give&quot; is undefined. You can implement it using the snippet(s) below:

@Given(&quot;Test API Give&quot;)
public void test_api_give() {
    // Write code here that turns the phrase above into concrete actions
    throw new io.cucumber.java.PendingException();
}
" type="io.cucumber.junit.UndefinedStepException">io.cucumber.junit.UndefinedStepException: The step &quot;Test API Give&quot; is undefined. You can implement it using the snippet(s) below:

@Given(&quot;Test API Give&quot;)
public void test_api_give() {
    // Write code here that turns the phrase above into concrete actions
    throw new io.cucumber.java.PendingException();
}

</error>
  </testcase>
</testsuite>