<?xml version="1.0" encoding="UTF-8"?>
<!-- Generated by org.testng.reporters.JUnitXMLReporter -->
<testsuite hostname="P3CLAP-37XZ0Z2" ignored="0" name="Default test" tests="6" failures="0" timestamp="03 Jan 2021 14:12:56 GMT" time="44.382" errors="0">
  <testcase name="TC01_SIT_Flight_Booking" time="42.871" classname="com.demo.tests.TestSuite"/>
  <testcase name="TC02_SIT_New_User_Registration" time="0.006" classname="com.demo.tests.TestSuite"/>
  <testcase name="TC03_SIT_Valid_Login" time="0.0" classname="com.demo.tests.TestSuite"/>
  <testcase name="TC03_SIT_Valid_Login" time="0.004" classname="com.demo.tests.TestSuite"/>
  <testcase name="TC03_SIT_Valid_Login" time="0.004" classname="com.demo.tests.TestSuite"/>
  <testcase name="TC03_SIT_Valid_Login" time="0.007" classname="com.demo.tests.TestSuite"/>
</testsuite> <!-- Default test -->
