<?xml version="1.0" encoding="UTF-8"?>
<testng-results skipped="0" failed="0" ignored="0" total="0" passed="0">
  <reporter-output>
  </reporter-output>
  <suite name="Surefire suite" duration-ms="25" started-at="2021-02-09T16:01:16Z" finished-at="2021-02-09T16:01:16Z">
    <groups>
    </groups>
    <test name="Surefire test" duration-ms="25" started-at="2021-02-09T16:01:16Z" finished-at="2021-02-09T16:01:16Z">
      <class name="com.demo.base.TestBase">
        <test-method status="PASS" signature="teardown()[pri:0, instance:com.demo.base.TestBase@52de51b6]" name="teardown" is-config="true" duration-ms="10" started-at="2021-02-09T16:01:16Z" finished-at="2021-02-09T16:01:16Z">
          <reporter-output>
          </reporter-output>
        </test-method> <!-- teardown -->
      </class> <!-- com.demo.base.TestBase -->
    </test> <!-- Surefire test -->
  </suite> <!-- Surefire suite -->
</testng-results>
